<?xml version="1.0" encoding="UTF-8"?>
<testsuite name="com.kodilla.stream.array.ArrayOperationsTestSuite" tests="1" skipped="0" failures="0" errors="0" timestamp="2019-07-22T14:57:58" hostname="XTBK-2670" time="0.016">
  <properties/>
  <testcase name="testGetAverage" classname="com.kodilla.stream.array.ArrayOperationsTestSuite" time="0.016"/>
  <system-out><![CDATA[15
43
52
64
855
673
44
55
33
67
32
78
4
1
1
2
15
63
4
6
]]></system-out>
  <system-err><![CDATA[]]></system-err>
</testsuite>
