<?xml version="1.0" encoding="UTF-8"?>
<testsuite name="com.kodilla.spring.SpringRunnerTestSuite" tests="4" skipped="0" failures="0" errors="0" timestamp="2019-07-23T15:10:25" hostname="XTBK-2670" time="0.284">
  <properties/>
  <testcase name="testCircleLoadedIntoContainer" classname="com.kodilla.spring.SpringRunnerTestSuite" time="0.073"/>
  <testcase name="testShapeLoadedIntoContainer" classname="com.kodilla.spring.SpringRunnerTestSuite" time="0.069"/>
  <testcase name="testSquareLoadedIntoContainer" classname="com.kodilla.spring.SpringRunnerTestSuite" time="0.071"/>
  <testcase name="testTriangleLoadedIntoContainer" classname="com.kodilla.spring.SpringRunnerTestSuite" time="0.069"/>
  <system-out><![CDATA[2019-07-23 17:10:25.530  INFO 19188 --- [    Test worker] .b.t.c.SpringBootTestContextBootstrapper : Neither @ContextConfiguration nor @ContextHierarchy found for test class [com.kodilla.spring.SpringRunnerTestSuite], using SpringBootContextLoader
2019-07-23 17:10:25.531  INFO 19188 --- [    Test worker] o.s.t.c.support.AbstractContextLoader    : Could not detect default resource locations for test class [com.kodilla.spring.SpringRunnerTestSuite]: no resource found for suffixes {-context.xml, Context.groovy}.
2019-07-23 17:10:25.531  INFO 19188 --- [    Test worker] t.c.s.AnnotationConfigContextLoaderUtils : Could not detect default configuration classes for test class [com.kodilla.spring.SpringRunnerTestSuite]: SpringRunnerTestSuite does not declare any static, non-private, non-final, nested classes annotated with @Configuration.
2019-07-23 17:10:25.536  INFO 19188 --- [    Test worker] .b.t.c.SpringBootTestContextBootstrapper : Found @SpringBootConfiguration com.kodilla.spring.SpringRunner for test class com.kodilla.spring.SpringRunnerTestSuite
2019-07-23 17:10:25.539  INFO 19188 --- [    Test worker] .b.t.c.SpringBootTestContextBootstrapper : Loaded default TestExecutionListener class names from location [META-INF/spring.factories]: [org.springframework.boot.test.autoconfigure.restdocs.RestDocsTestExecutionListener, org.springframework.boot.test.autoconfigure.web.client.MockRestServiceServerResetTestExecutionListener, org.springframework.boot.test.autoconfigure.web.servlet.MockMvcPrintOnlyOnFailureTestExecutionListener, org.springframework.boot.test.autoconfigure.web.servlet.WebDriverTestExecutionListener, org.springframework.boot.test.mock.mockito.MockitoTestExecutionListener, org.springframework.boot.test.mock.mockito.ResetMocksTestExecutionListener, org.springframework.test.context.web.ServletTestExecutionListener, org.springframework.test.context.support.DirtiesContextBeforeModesTestExecutionListener, org.springframework.test.context.support.DependencyInjectionTestExecutionListener, org.springframework.test.context.support.DirtiesContextTestExecutionListener, org.springframework.test.context.transaction.TransactionalTestExecutionListener, org.springframework.test.context.jdbc.SqlScriptsTestExecutionListener]
2019-07-23 17:10:25.540  INFO 19188 --- [    Test worker] .b.t.c.SpringBootTestContextBootstrapper : Using TestExecutionListeners: [org.springframework.test.context.support.DirtiesContextBeforeModesTestExecutionListener@2b8bfd72, org.springframework.boot.test.mock.mockito.MockitoTestExecutionListener@1196e21a, org.springframework.boot.test.autoconfigure.SpringBootDependencyInjectionTestExecutionListener@1b41f630, org.springframework.test.context.support.DirtiesContextTestExecutionListener@4ba6c556, org.springframework.boot.test.autoconfigure.restdocs.RestDocsTestExecutionListener@3f32d13d, org.springframework.boot.test.autoconfigure.web.client.MockRestServiceServerResetTestExecutionListener@199262f3, org.springframework.boot.test.autoconfigure.web.servlet.MockMvcPrintOnlyOnFailureTestExecutionListener@d76e787, org.springframework.boot.test.autoconfigure.web.servlet.WebDriverTestExecutionListener@70071f0a, org.springframework.boot.test.mock.mockito.ResetMocksTestExecutionListener@5915830e]
Chosen shape says: This is a circle.
]]></system-out>
  <system-err><![CDATA[]]></system-err>
</testsuite>
