<?xml version="1.0" encoding="UTF-8"?>
<testsuite name="com.kodilla.patterns.builder.bigmac.BigmacTestSuite" tests="1" skipped="0" failures="0" errors="0" timestamp="2019-08-06T10:07:35" hostname="XTBK-2670" time="0.004">
  <properties/>
  <testcase name="testPizzaNew" classname="com.kodilla.patterns.builder.bigmac.BigmacTestSuite" time="0.004"/>
  <system-out><![CDATA[BigMac{bun='WithSesame', burgers='3', sauce='Spicy', ingredients=[Ham, Bacon, Onion, Cheese]}
]]></system-out>
  <system-err><![CDATA[]]></system-err>
</testsuite>
