<?xml version="1.0" encoding="UTF-8"?>
<testsuite name="com.kodilla.patterns.singleton.LoggerTestSuite" tests="1" skipped="0" failures="0" errors="0" timestamp="2019-08-06T10:07:35" hostname="XTBK-2670" time="0.001">
  <properties/>
  <testcase name="testGetFileName" classname="com.kodilla.patterns.singleton.LoggerTestSuite" time="0.001"/>
  <system-out><![CDATA[Log: [test log]
log: test log
]]></system-out>
  <system-err><![CDATA[]]></system-err>
</testsuite>
